This file contains any messages produced by compilers while
running configure, to aid debugging if configure makes a mistake.

It was created by configure, which was
generated by GNU Autoconf 2.59.  Invocation command line was

  $ ./configure 

## --------- ##
## Platform. ##
## --------- ##

hostname = NathanUbuntuDesktop
uname -m = x86_64
uname -r = 4.15.0-22-generic
uname -s = Linux
uname -v = #24-Ubuntu SMP Wed May 16 12:15:17 UTC 2018

/usr/bin/uname -p = unknown
/bin/uname -X     = unknown

/bin/arch              = unknown
/usr/bin/arch -k       = unknown
/usr/convex/getsysinfo = unknown
hostinfo               = unknown
/bin/machine           = unknown
/usr/bin/oslevel       = unknown
/bin/universe          = unknown

PATH: /home/nathan/dev/instrumenttuner/.env/bin
PATH: /usr/local/sbin
PATH: /usr/local/bin
PATH: /usr/sbin
PATH: /usr/bin
PATH: /sbin
PATH: /bin
PATH: /usr/games
PATH: /usr/local/games
PATH: /snap/bin


## ----------- ##
## Core tests. ##
## ----------- ##

configure:1532: checking build system type
configure:1550: result: x86_64-unknown-linux-gnu
configure:1558: checking host system type
configure:1572: result: x86_64-unknown-linux-gnu
configure:1580: checking target system type
configure:1594: result: x86_64-unknown-linux-gnu
configure:1629: checking for a BSD-compatible install
configure:1684: result: /usr/bin/install -c
configure:1695: checking whether build environment is sane
configure:1738: result: yes
configure:1803: checking for gawk
configure:1832: result: no
configure:1803: checking for mawk
configure:1819: found /usr/bin/mawk
configure:1829: result: mawk
configure:1839: checking whether make sets $(MAKE)
configure:1859: result: yes
configure:2094: checking for gcc
configure:2110: found /usr/bin/gcc
configure:2120: result: gcc
configure:2364: checking for C compiler version
configure:2367: gcc --version </dev/null >&5
gcc (Ubuntu 7.3.0-16ubuntu3) 7.3.0
Copyright (C) 2017 Free Software Foundation, Inc.
This is free software; see the source for copying conditions.  There is NO
warranty; not even for MERCHANTABILITY or FITNESS FOR A PARTICULAR PURPOSE.

configure:2370: $? = 0
configure:2372: gcc -v </dev/null >&5
Using built-in specs.
COLLECT_GCC=gcc
COLLECT_LTO_WRAPPER=/usr/lib/gcc/x86_64-linux-gnu/7/lto-wrapper
OFFLOAD_TARGET_NAMES=nvptx-none
OFFLOAD_TARGET_DEFAULT=1
Target: x86_64-linux-gnu
Configured with: ../src/configure -v --with-pkgversion='Ubuntu 7.3.0-16ubuntu3' --with-bugurl=file:///usr/share/doc/gcc-7/README.Bugs --enable-languages=c,ada,c++,go,brig,d,fortran,objc,obj-c++ --prefix=/usr --with-gcc-major-version-only --with-as=/usr/bin/x86_64-linux-gnu-as --with-ld=/usr/bin/x86_64-linux-gnu-ld --program-suffix=-7 --program-prefix=x86_64-linux-gnu- --enable-shared --enable-linker-build-id --libexecdir=/usr/lib --without-included-gettext --enable-threads=posix --libdir=/usr/lib --enable-nls --with-sysroot=/ --enable-clocale=gnu --enable-libstdcxx-debug --enable-libstdcxx-time=yes --with-default-libstdcxx-abi=new --enable-gnu-unique-object --disable-vtable-verify --enable-libmpx --enable-plugin --enable-default-pie --with-system-zlib --with-target-system-zlib --enable-objc-gc=auto --enable-multiarch --disable-werror --with-arch-32=i686 --with-abi=m64 --with-multilib-list=m32,m64,mx32 --enable-multilib --with-tune=generic --enable-offload-targets=nvptx-none --without-cuda-driver --enable-checking=release --build=x86_64-linux-gnu --host=x86_64-linux-gnu --target=x86_64-linux-gnu
Thread model: posix
gcc version 7.3.0 (Ubuntu 7.3.0-16ubuntu3) 
configure:2375: $? = 0
configure:2377: gcc -V </dev/null >&5
gcc: error: unrecognized command line option '-V'
gcc: fatal error: no input files
compilation terminated.
configure:2380: $? = 1
configure:2403: checking for C compiler default output file name
configure:2406: gcc    conftest.c  >&5
configure:2409: $? = 0
configure:2455: result: a.out
configure:2460: checking whether the C compiler works
configure:2466: ./a.out
configure:2469: $? = 0
configure:2486: result: yes
configure:2493: checking whether we are cross compiling
configure:2495: result: no
configure:2498: checking for suffix of executables
configure:2500: gcc -o conftest    conftest.c  >&5
configure:2503: $? = 0
configure:2528: result: 
configure:2534: checking for suffix of object files
configure:2555: gcc -c   conftest.c >&5
configure:2558: $? = 0
configure:2580: result: o
configure:2584: checking whether we are using the GNU C compiler
configure:2608: gcc -c   conftest.c >&5
configure:2614: $? = 0
configure:2618: test -z 
			 || test ! -s conftest.err
configure:2621: $? = 0
configure:2624: test -s conftest.o
configure:2627: $? = 0
configure:2640: result: yes
configure:2646: checking whether gcc accepts -g
configure:2667: gcc -c -g  conftest.c >&5
configure:2673: $? = 0
configure:2677: test -z 
			 || test ! -s conftest.err
configure:2680: $? = 0
configure:2683: test -s conftest.o
configure:2686: $? = 0
configure:2697: result: yes
configure:2714: checking for gcc option to accept ANSI C
configure:2784: gcc  -c -g -O2  conftest.c >&5
configure:2790: $? = 0
configure:2794: test -z 
			 || test ! -s conftest.err
configure:2797: $? = 0
configure:2800: test -s conftest.o
configure:2803: $? = 0
configure:2821: result: none needed
configure:2839: gcc -c -g -O2  conftest.c >&5
conftest.c:2:3: error: unknown type name 'choke'
   choke me
   ^~~~~
conftest.c:2:3: error: expected '=', ',', ';', 'asm' or '__attribute__' at end of input
configure:2845: $? = 1
configure: failed program was:
| #ifndef __cplusplus
|   choke me
| #endif
configure:2989: checking for style of include used by make
configure:3017: result: GNU
configure:3045: checking dependency style of gcc
configure:3135: result: gcc3
configure:3157: checking how to run the C preprocessor
configure:3192: gcc -E  conftest.c
configure:3198: $? = 0
configure:3230: gcc -E  conftest.c
conftest.c:11:10: fatal error: ac_nonexistent.h: No such file or directory
 #include <ac_nonexistent.h>
          ^~~~~~~~~~~~~~~~~~
compilation terminated.
configure:3236: $? = 1
configure: failed program was:
| /* confdefs.h.  */
| 
| #define PACKAGE_NAME ""
| #define PACKAGE_TARNAME ""
| #define PACKAGE_VERSION ""
| #define PACKAGE_STRING ""
| #define PACKAGE_BUGREPORT ""
| #define PACKAGE "audiere"
| #define VERSION "1.9.4"
| /* end confdefs.h.  */
| #include <ac_nonexistent.h>
configure:3275: result: gcc -E
configure:3299: gcc -E  conftest.c
configure:3305: $? = 0
configure:3337: gcc -E  conftest.c
conftest.c:11:10: fatal error: ac_nonexistent.h: No such file or directory
 #include <ac_nonexistent.h>
          ^~~~~~~~~~~~~~~~~~
compilation terminated.
configure:3343: $? = 1
configure: failed program was:
| /* confdefs.h.  */
| 
| #define PACKAGE_NAME ""
| #define PACKAGE_TARNAME ""
| #define PACKAGE_VERSION ""
| #define PACKAGE_STRING ""
| #define PACKAGE_BUGREPORT ""
| #define PACKAGE "audiere"
| #define VERSION "1.9.4"
| /* end confdefs.h.  */
| #include <ac_nonexistent.h>
configure:3438: checking for g++
configure:3454: found /usr/bin/g++
configure:3464: result: g++
configure:3480: checking for C++ compiler version
configure:3483: g++ --version </dev/null >&5
g++ (Ubuntu 7.3.0-16ubuntu3) 7.3.0
Copyright (C) 2017 Free Software Foundation, Inc.
This is free software; see the source for copying conditions.  There is NO
warranty; not even for MERCHANTABILITY or FITNESS FOR A PARTICULAR PURPOSE.

configure:3486: $? = 0
configure:3488: g++ -v </dev/null >&5
Using built-in specs.
COLLECT_GCC=g++
COLLECT_LTO_WRAPPER=/usr/lib/gcc/x86_64-linux-gnu/7/lto-wrapper
OFFLOAD_TARGET_NAMES=nvptx-none
OFFLOAD_TARGET_DEFAULT=1
Target: x86_64-linux-gnu
Configured with: ../src/configure -v --with-pkgversion='Ubuntu 7.3.0-16ubuntu3' --with-bugurl=file:///usr/share/doc/gcc-7/README.Bugs --enable-languages=c,ada,c++,go,brig,d,fortran,objc,obj-c++ --prefix=/usr --with-gcc-major-version-only --with-as=/usr/bin/x86_64-linux-gnu-as --with-ld=/usr/bin/x86_64-linux-gnu-ld --program-suffix=-7 --program-prefix=x86_64-linux-gnu- --enable-shared --enable-linker-build-id --libexecdir=/usr/lib --without-included-gettext --enable-threads=posix --libdir=/usr/lib --enable-nls --with-sysroot=/ --enable-clocale=gnu --enable-libstdcxx-debug --enable-libstdcxx-time=yes --with-default-libstdcxx-abi=new --enable-gnu-unique-object --disable-vtable-verify --enable-libmpx --enable-plugin --enable-default-pie --with-system-zlib --with-target-system-zlib --enable-objc-gc=auto --enable-multiarch --disable-werror --with-arch-32=i686 --with-abi=m64 --with-multilib-list=m32,m64,mx32 --enable-multilib --with-tune=generic --enable-offload-targets=nvptx-none --without-cuda-driver --enable-checking=release --build=x86_64-linux-gnu --host=x86_64-linux-gnu --target=x86_64-linux-gnu
Thread model: posix
gcc version 7.3.0 (Ubuntu 7.3.0-16ubuntu3) 
configure:3491: $? = 0
configure:3493: g++ -V </dev/null >&5
g++: error: unrecognized command line option '-V'
g++: fatal error: no input files
compilation terminated.
configure:3496: $? = 1
configure:3499: checking whether we are using the GNU C++ compiler
configure:3523: g++ -c   conftest.cc >&5
configure:3529: $? = 0
configure:3533: test -z 
			 || test ! -s conftest.err
configure:3536: $? = 0
configure:3539: test -s conftest.o
configure:3542: $? = 0
configure:3555: result: yes
configure:3561: checking whether g++ accepts -g
configure:3582: g++ -c -g  conftest.cc >&5
configure:3588: $? = 0
configure:3592: test -z 
			 || test ! -s conftest.err
configure:3595: $? = 0
configure:3598: test -s conftest.o
configure:3601: $? = 0
configure:3612: result: yes
configure:3654: g++ -c -g -O2  conftest.cc >&5
configure:3660: $? = 0
configure:3664: test -z 
			 || test ! -s conftest.err
configure:3667: $? = 0
configure:3670: test -s conftest.o
configure:3673: $? = 0
configure:3699: g++ -c -g -O2  conftest.cc >&5
conftest.cc: In function 'int main()':
conftest.cc:15:1: error: 'exit' was not declared in this scope
 exit (42);
 ^~~~
configure:3705: $? = 1
configure: failed program was:
| /* confdefs.h.  */
| 
| #define PACKAGE_NAME ""
| #define PACKAGE_TARNAME ""
| #define PACKAGE_VERSION ""
| #define PACKAGE_STRING ""
| #define PACKAGE_BUGREPORT ""
| #define PACKAGE "audiere"
| #define VERSION "1.9.4"
| /* end confdefs.h.  */
| 
| int
| main ()
| {
| exit (42);
|   ;
|   return 0;
| }
configure:3654: g++ -c -g -O2  conftest.cc >&5
configure:3660: $? = 0
configure:3664: test -z 
			 || test ! -s conftest.err
configure:3667: $? = 0
configure:3670: test -s conftest.o
configure:3673: $? = 0
configure:3699: g++ -c -g -O2  conftest.cc >&5
configure:3705: $? = 0
configure:3709: test -z 
			 || test ! -s conftest.err
configure:3712: $? = 0
configure:3715: test -s conftest.o
configure:3718: $? = 0
configure:3743: checking dependency style of g++
configure:3833: result: gcc3
configure:3855: checking how to run the C++ preprocessor
configure:3886: g++ -E  conftest.cc
configure:3892: $? = 0
configure:3924: g++ -E  conftest.cc
conftest.cc:14:10: fatal error: ac_nonexistent.h: No such file or directory
 #include <ac_nonexistent.h>
          ^~~~~~~~~~~~~~~~~~
compilation terminated.
configure:3930: $? = 1
configure: failed program was:
| /* confdefs.h.  */
| 
| #define PACKAGE_NAME ""
| #define PACKAGE_TARNAME ""
| #define PACKAGE_VERSION ""
| #define PACKAGE_STRING ""
| #define PACKAGE_BUGREPORT ""
| #define PACKAGE "audiere"
| #define VERSION "1.9.4"
| #ifdef __cplusplus
| extern "C" void std::exit (int) throw (); using std::exit;
| #endif
| /* end confdefs.h.  */
| #include <ac_nonexistent.h>
configure:3969: result: g++ -E
configure:3993: g++ -E  conftest.cc
configure:3999: $? = 0
configure:4031: g++ -E  conftest.cc
conftest.cc:14:10: fatal error: ac_nonexistent.h: No such file or directory
 #include <ac_nonexistent.h>
          ^~~~~~~~~~~~~~~~~~
compilation terminated.
configure:4037: $? = 1
configure: failed program was:
| /* confdefs.h.  */
| 
| #define PACKAGE_NAME ""
| #define PACKAGE_TARNAME ""
| #define PACKAGE_VERSION ""
| #define PACKAGE_STRING ""
| #define PACKAGE_BUGREPORT ""
| #define PACKAGE "audiere"
| #define VERSION "1.9.4"
| #ifdef __cplusplus
| extern "C" void std::exit (int) throw (); using std::exit;
| #endif
| /* end confdefs.h.  */
| #include <ac_nonexistent.h>
configure:4080: checking whether make sets $(MAKE)
configure:4100: result: yes
configure:4181: checking for a sed that does not truncate output
configure:4235: result: /bin/sed
configure:4238: checking for egrep
configure:4248: result: grep -E
configure:4264: checking for ld used by gcc
configure:4331: result: /usr/bin/x86_64-linux-gnu-ld
configure:4340: checking if the linker (/usr/bin/x86_64-linux-gnu-ld) is GNU ld
configure:4355: result: yes
configure:4360: checking for /usr/bin/x86_64-linux-gnu-ld option to reload object files
configure:4367: result: -r
configure:4385: checking for BSD-compatible nm
configure:4427: result: /usr/bin/nm -B
configure:4431: checking whether ln -s works
configure:4435: result: yes
configure:4442: checking how to recognise dependent libraries
configure:4614: result: pass_all
configure:4699: gcc -c -g -O2  conftest.c >&5
configure:4702: $? = 0
configure:4824: checking for ANSI C header files
configure:4849: gcc -c -g -O2  conftest.c >&5
configure:4855: $? = 0
configure:4859: test -z 
			 || test ! -s conftest.err
configure:4862: $? = 0
configure:4865: test -s conftest.o
configure:4868: $? = 0
configure:4957: gcc -o conftest -g -O2   conftest.c  >&5
conftest.c: In function 'main':
conftest.c:31:7: warning: implicit declaration of function 'exit' [-Wimplicit-function-declaration]
       exit(2);
       ^~~~
conftest.c:31:7: warning: incompatible implicit declaration of built-in function 'exit'
conftest.c:31:7: note: include '<stdlib.h>' or provide a declaration of 'exit'
conftest.c:32:3: warning: incompatible implicit declaration of built-in function 'exit'
   exit (0);
   ^~~~
conftest.c:32:3: note: include '<stdlib.h>' or provide a declaration of 'exit'
configure:4960: $? = 0
configure:4962: ./conftest
configure:4965: $? = 0
configure:4980: result: yes
configure:5004: checking for sys/types.h
configure:5020: gcc -c -g -O2  conftest.c >&5
configure:5026: $? = 0
configure:5030: test -z 
			 || test ! -s conftest.err
configure:5033: $? = 0
configure:5036: test -s conftest.o
configure:5039: $? = 0
configure:5050: result: yes
configure:5004: checking for sys/stat.h
configure:5020: gcc -c -g -O2  conftest.c >&5
configure:5026: $? = 0
configure:5030: test -z 
			 || test ! -s conftest.err
configure:5033: $? = 0
configure:5036: test -s conftest.o
configure:5039: $? = 0
configure:5050: result: yes
configure:5004: checking for stdlib.h
configure:5020: gcc -c -g -O2  conftest.c >&5
configure:5026: $? = 0
configure:5030: test -z 
			 || test ! -s conftest.err
configure:5033: $? = 0
configure:5036: test -s conftest.o
configure:5039: $? = 0
configure:5050: result: yes
configure:5004: checking for string.h
configure:5020: gcc -c -g -O2  conftest.c >&5
configure:5026: $? = 0
configure:5030: test -z 
			 || test ! -s conftest.err
configure:5033: $? = 0
configure:5036: test -s conftest.o
configure:5039: $? = 0
configure:5050: result: yes
configure:5004: checking for memory.h
configure:5020: gcc -c -g -O2  conftest.c >&5
configure:5026: $? = 0
configure:5030: test -z 
			 || test ! -s conftest.err
configure:5033: $? = 0
configure:5036: test -s conftest.o
configure:5039: $? = 0
configure:5050: result: yes
configure:5004: checking for strings.h
configure:5020: gcc -c -g -O2  conftest.c >&5
configure:5026: $? = 0
configure:5030: test -z 
			 || test ! -s conftest.err
configure:5033: $? = 0
configure:5036: test -s conftest.o
configure:5039: $? = 0
configure:5050: result: yes
configure:5004: checking for inttypes.h
configure:5020: gcc -c -g -O2  conftest.c >&5
configure:5026: $? = 0
configure:5030: test -z 
			 || test ! -s conftest.err
configure:5033: $? = 0
configure:5036: test -s conftest.o
configure:5039: $? = 0
configure:5050: result: yes
configure:5004: checking for stdint.h
configure:5020: gcc -c -g -O2  conftest.c >&5
configure:5026: $? = 0
configure:5030: test -z 
			 || test ! -s conftest.err
configure:5033: $? = 0
configure:5036: test -s conftest.o
configure:5039: $? = 0
configure:5050: result: yes
configure:5004: checking for unistd.h
configure:5020: gcc -c -g -O2  conftest.c >&5
configure:5026: $? = 0
configure:5030: test -z 
			 || test ! -s conftest.err
configure:5033: $? = 0
configure:5036: test -s conftest.o
configure:5039: $? = 0
configure:5050: result: yes
configure:5076: checking dlfcn.h usability
configure:5088: gcc -c -g -O2  conftest.c >&5
configure:5094: $? = 0
configure:5098: test -z 
			 || test ! -s conftest.err
configure:5101: $? = 0
configure:5104: test -s conftest.o
configure:5107: $? = 0
configure:5117: result: yes
configure:5121: checking dlfcn.h presence
configure:5131: gcc -E  conftest.c
configure:5137: $? = 0
configure:5157: result: yes
configure:5192: checking for dlfcn.h
configure:5199: result: yes
configure:5222: checking how to run the C++ preprocessor
configure:5336: result: g++ -E
configure:5360: g++ -E  conftest.cc
configure:5366: $? = 0
configure:5398: g++ -E  conftest.cc
conftest.cc:25:10: fatal error: ac_nonexistent.h: No such file or directory
 #include <ac_nonexistent.h>
          ^~~~~~~~~~~~~~~~~~
compilation terminated.
configure:5404: $? = 1
configure: failed program was:
| /* confdefs.h.  */
| 
| #define PACKAGE_NAME ""
| #define PACKAGE_TARNAME ""
| #define PACKAGE_VERSION ""
| #define PACKAGE_STRING ""
| #define PACKAGE_BUGREPORT ""
| #define PACKAGE "audiere"
| #define VERSION "1.9.4"
| #ifdef __cplusplus
| extern "C" void std::exit (int) throw (); using std::exit;
| #endif
| #define STDC_HEADERS 1
| #define HAVE_SYS_TYPES_H 1
| #define HAVE_SYS_STAT_H 1
| #define HAVE_STDLIB_H 1
| #define HAVE_STRING_H 1
| #define HAVE_MEMORY_H 1
| #define HAVE_STRINGS_H 1
| #define HAVE_INTTYPES_H 1
| #define HAVE_STDINT_H 1
| #define HAVE_UNISTD_H 1
| #define HAVE_DLFCN_H 1
| /* end confdefs.h.  */
| #include <ac_nonexistent.h>
configure:5501: checking for g77
configure:5530: result: no
configure:5501: checking for f77
configure:5530: result: no
configure:5501: checking for xlf
configure:5530: result: no
configure:5501: checking for frt
configure:5530: result: no
configure:5501: checking for pgf77
configure:5530: result: no
configure:5501: checking for fort77
configure:5530: result: no
configure:5501: checking for fl32
configure:5530: result: no
configure:5501: checking for af77
configure:5530: result: no
configure:5501: checking for f90
configure:5530: result: no
configure:5501: checking for xlf90
configure:5530: result: no
configure:5501: checking for pgf90
configure:5530: result: no
configure:5501: checking for epcf90
configure:5530: result: no
configure:5501: checking for f95
configure:5530: result: no
configure:5501: checking for fort
configure:5530: result: no
configure:5501: checking for xlf95
configure:5530: result: no
configure:5501: checking for ifc
configure:5530: result: no
configure:5501: checking for efc
configure:5530: result: no
configure:5501: checking for pgf95
configure:5530: result: no
configure:5501: checking for lf95
configure:5530: result: no
configure:5501: checking for gfortran
configure:5530: result: no
configure:5542: checking for Fortran 77 compiler version
configure:5545:  --version </dev/null >&5
./configure: line 5546: --version: command not found
configure:5548: $? = 127
configure:5550:  -v </dev/null >&5
./configure: line 5551: -v: command not found
configure:5553: $? = 127
configure:5555:  -V </dev/null >&5
./configure: line 5556: -V: command not found
configure:5558: $? = 127
configure:5566: checking whether we are using the GNU Fortran 77 compiler
configure:5580:  -c  conftest.F >&5
./configure: line 5581: -c: command not found
configure:5586: $? = 127
configure: failed program was:
|       program main
| #ifndef __GNUC__
|        choke me
| #endif
| 
|       end
configure:5612: result: no
configure:5618: checking whether  accepts -g
configure:5630:  -c -g conftest.f >&5
./configure: line 5631: -c: command not found
configure:5636: $? = 127
configure: failed program was:
|       program main
| 
|       end
configure:5661: result: no
configure:5691: checking the maximum length of command line arguments
configure:5783: result: 32768
configure:5794: checking command to parse /usr/bin/nm -B output from gcc object
configure:5890: gcc -c -g -O2  conftest.c >&5
configure:5893: $? = 0
configure:5897: /usr/bin/nm -B conftest.o \| sed -n -e 's/^.*[ 	]\([ABCDGIRSTW][ABCDGIRSTW]*\)[ 	][ 	]*\([_A-Za-z][_A-Za-z0-9]*\)$/\1 \2 \2/p' \> conftest.nm
configure:5900: $? = 0
configure:5952: gcc -o conftest -g -O2   conftest.c conftstm.o >&5
configure:5955: $? = 0
configure:5993: result: ok
configure:5997: checking for objdir
configure:6012: result: .libs
configure:6102: checking for ar
configure:6118: found /usr/bin/ar
configure:6129: result: ar
configure:6182: checking for ranlib
configure:6198: found /usr/bin/ranlib
configure:6209: result: ranlib
configure:6262: checking for strip
configure:6278: found /usr/bin/strip
configure:6289: result: strip
configure:6576: checking if gcc static flag  works
configure:6604: result: yes
configure:6622: checking if gcc supports -fno-rtti -fno-exceptions
configure:6640: gcc -c -g -O2  -fno-rtti -fno-exceptions conftest.c >&5
cc1: warning: command line option '-fno-rtti' is valid for C++/ObjC++ but not for C
configure:6644: $? = 0
configure:6657: result: no
configure:6672: checking for gcc option to produce PIC
configure:6876: result: -fPIC
configure:6884: checking if gcc PIC flag -fPIC works
configure:6902: gcc -c -g -O2  -fPIC -DPIC conftest.c >&5
configure:6906: $? = 0
configure:6919: result: yes
configure:6943: checking if gcc supports -c -o file.o
configure:6964: gcc -c -g -O2  -o out/conftest2.o conftest.c >&5
configure:6968: $? = 0
configure:6990: result: yes
configure:7016: checking whether the gcc linker (/usr/bin/x86_64-linux-gnu-ld -m elf_x86_64) supports shared libraries
configure:7912: result: yes
configure:7938: checking whether -lc should be explicitly linked in
configure:7943: gcc -c -g -O2  conftest.c >&5
configure:7946: $? = 0
configure:7960: gcc -shared conftest.o  -v -Wl,-soname -Wl,conftest -o conftest 2\>\&1 \| grep  -lc  \>/dev/null 2\>\&1
configure:7963: $? = 0
configure:7975: result: no
configure:7983: checking dynamic linker characteristics
configure:8537: result: GNU/Linux ld.so
configure:8541: checking how to hardcode library paths into programs
configure:8566: result: immediate
configure:8580: checking whether stripping libraries is possible
configure:8585: result: yes
configure:9415: checking if libtool supports shared libraries
configure:9417: result: yes
configure:9420: checking whether to build shared libraries
configure:9441: result: yes
configure:9444: checking whether to build static libraries
configure:9448: result: yes
configure:9540: creating libtool
configure:10118: checking for ld used by g++
configure:10185: result: /usr/bin/x86_64-linux-gnu-ld -m elf_x86_64
configure:10194: checking if the linker (/usr/bin/x86_64-linux-gnu-ld -m elf_x86_64) is GNU ld
configure:10209: result: yes
configure:10260: checking whether the g++ linker (/usr/bin/x86_64-linux-gnu-ld -m elf_x86_64) supports shared libraries
configure:11140: result: yes
configure:11158: g++ -c -g -O2  conftest.cpp >&5
configure:11161: $? = 0
configure:11271: checking for g++ option to produce PIC
configure:11539: result: -fPIC
configure:11547: checking if g++ PIC flag -fPIC works
configure:11565: g++ -c -g -O2  -fPIC -DPIC conftest.cpp >&5
configure:11569: $? = 0
configure:11582: result: yes
configure:11606: checking if g++ supports -c -o file.o
configure:11627: g++ -c -g -O2  -o out/conftest2.o conftest.cpp >&5
configure:11631: $? = 0
configure:11653: result: yes
configure:11679: checking whether the g++ linker (/usr/bin/x86_64-linux-gnu-ld -m elf_x86_64) supports shared libraries
configure:11704: result: yes
configure:11775: checking dynamic linker characteristics
configure:12329: result: GNU/Linux ld.so
configure:12333: checking how to hardcode library paths into programs
configure:12358: result: immediate
configure:12372: checking whether stripping libraries is possible
configure:12377: result: yes
configure:19921: checking for pthread_create in -lpthread
configure:19951: g++ -o conftest -g -O2 -Wall -Wno-non-virtual-dtor   conftest.cc -lpthread   >&5
configure:19957: $? = 0
configure:19961: test -z 
			 || test ! -s conftest.err
configure:19964: $? = 0
configure:19967: test -s conftest
configure:19970: $? = 0
configure:19983: result: yes
configure:19996: checking for FLAC__seekable_stream_decoder_process_single in -lFLAC
configure:20026: g++ -o conftest -g -O2 -Wall -Wno-non-virtual-dtor   conftest.cc -lFLAC -lm -lpthread  >&5
/usr/bin/x86_64-linux-gnu-ld: cannot find -lFLAC
collect2: error: ld returned 1 exit status
configure:20032: $? = 1
configure: failed program was:
| /* confdefs.h.  */
| 
| #define PACKAGE_NAME ""
| #define PACKAGE_TARNAME ""
| #define PACKAGE_VERSION ""
| #define PACKAGE_STRING ""
| #define PACKAGE_BUGREPORT ""
| #define PACKAGE "audiere"
| #define VERSION "1.9.4"
| #ifdef __cplusplus
| extern "C" void std::exit (int) throw (); using std::exit;
| #endif
| #define STDC_HEADERS 1
| #define HAVE_SYS_TYPES_H 1
| #define HAVE_SYS_STAT_H 1
| #define HAVE_STDLIB_H 1
| #define HAVE_STRING_H 1
| #define HAVE_MEMORY_H 1
| #define HAVE_STRINGS_H 1
| #define HAVE_INTTYPES_H 1
| #define HAVE_STDINT_H 1
| #define HAVE_UNISTD_H 1
| #define HAVE_DLFCN_H 1
| /* end confdefs.h.  */
| 
| /* Override any gcc2 internal prototype to avoid an error.  */
| #ifdef __cplusplus
| extern "C"
| #endif
| /* We use char because int might match the return type of a gcc2
|    builtin and then its argument prototype would still apply.  */
| char FLAC__seekable_stream_decoder_process_single ();
| int
| main ()
| {
| FLAC__seekable_stream_decoder_process_single ();
|   ;
|   return 0;
| }
configure:20058: result: no
configure:20066: WARNING: libFLAC not found.  Install FLAC from http://flac.sourceforge.net/
configure:20068: WARNING: Disabling FLAC support.
configure:20088: checking for duh_start_renderer in -ldumb
configure:20118: g++ -o conftest -g -O2 -Wall -Wno-non-virtual-dtor   conftest.cc -ldumb  -lpthread  >&5
/usr/bin/x86_64-linux-gnu-ld: cannot find -ldumb
collect2: error: ld returned 1 exit status
configure:20124: $? = 1
configure: failed program was:
| /* confdefs.h.  */
| 
| #define PACKAGE_NAME ""
| #define PACKAGE_TARNAME ""
| #define PACKAGE_VERSION ""
| #define PACKAGE_STRING ""
| #define PACKAGE_BUGREPORT ""
| #define PACKAGE "audiere"
| #define VERSION "1.9.4"
| #ifdef __cplusplus
| extern "C" void std::exit (int) throw (); using std::exit;
| #endif
| #define STDC_HEADERS 1
| #define HAVE_SYS_TYPES_H 1
| #define HAVE_SYS_STAT_H 1
| #define HAVE_STDLIB_H 1
| #define HAVE_STRING_H 1
| #define HAVE_MEMORY_H 1
| #define HAVE_STRINGS_H 1
| #define HAVE_INTTYPES_H 1
| #define HAVE_STDINT_H 1
| #define HAVE_UNISTD_H 1
| #define HAVE_DLFCN_H 1
| #define NO_FLAC 1
| /* end confdefs.h.  */
| 
| /* Override any gcc2 internal prototype to avoid an error.  */
| #ifdef __cplusplus
| extern "C"
| #endif
| /* We use char because int might match the return type of a gcc2
|    builtin and then its argument prototype would still apply.  */
| char duh_start_renderer ();
| int
| main ()
| {
| duh_start_renderer ();
|   ;
|   return 0;
| }
configure:20150: result: no
configure:20158: WARNING: libdumb not found.  Install DUMB from http://dumb.sourceforge.net/
configure:20160: WARNING: Disabling DUMB support.
configure:20179: checking for cd_init_device in -lcdaudio
configure:20209: g++ -o conftest -g -O2 -Wall -Wno-non-virtual-dtor   conftest.cc -lcdaudio  -lpthread  >&5
/usr/bin/x86_64-linux-gnu-ld: cannot find -lcdaudio
collect2: error: ld returned 1 exit status
configure:20215: $? = 1
configure: failed program was:
| /* confdefs.h.  */
| 
| #define PACKAGE_NAME ""
| #define PACKAGE_TARNAME ""
| #define PACKAGE_VERSION ""
| #define PACKAGE_STRING ""
| #define PACKAGE_BUGREPORT ""
| #define PACKAGE "audiere"
| #define VERSION "1.9.4"
| #ifdef __cplusplus
| extern "C" void std::exit (int) throw (); using std::exit;
| #endif
| #define STDC_HEADERS 1
| #define HAVE_SYS_TYPES_H 1
| #define HAVE_SYS_STAT_H 1
| #define HAVE_STDLIB_H 1
| #define HAVE_STRING_H 1
| #define HAVE_MEMORY_H 1
| #define HAVE_STRINGS_H 1
| #define HAVE_INTTYPES_H 1
| #define HAVE_STDINT_H 1
| #define HAVE_UNISTD_H 1
| #define HAVE_DLFCN_H 1
| #define NO_FLAC 1
| #define NO_DUMB 1
| /* end confdefs.h.  */
| 
| /* Override any gcc2 internal prototype to avoid an error.  */
| #ifdef __cplusplus
| extern "C"
| #endif
| /* We use char because int might match the return type of a gcc2
|    builtin and then its argument prototype would still apply.  */
| char cd_init_device ();
| int
| main ()
| {
| cd_init_device ();
|   ;
|   return 0;
| }
configure:20241: result: no
configure:20249: WARNING: libcdaudio not found.  Install it from http://libcdaudio.sf.net/
configure:20251: WARNING: CD audio support might still be possible through another means such as winmm.
configure:20266: checking for library containing clock_gettime
configure:20296: g++ -o conftest -g -O2 -Wall -Wno-non-virtual-dtor   conftest.cc -lpthread  >&5
configure:20302: $? = 0
configure:20306: test -z 
			 || test ! -s conftest.err
configure:20309: $? = 0
configure:20312: test -s conftest
configure:20315: $? = 0
configure:20385: result: none required
configure:20396: checking for alNewConfig in -laudio
configure:20426: g++ -o conftest -g -O2 -Wall -Wno-non-virtual-dtor   conftest.cc -laudio  -lpthread  >&5
/usr/bin/x86_64-linux-gnu-ld: cannot find -laudio
collect2: error: ld returned 1 exit status
configure:20432: $? = 1
configure: failed program was:
| /* confdefs.h.  */
| 
| #define PACKAGE_NAME ""
| #define PACKAGE_TARNAME ""
| #define PACKAGE_VERSION ""
| #define PACKAGE_STRING ""
| #define PACKAGE_BUGREPORT ""
| #define PACKAGE "audiere"
| #define VERSION "1.9.4"
| #ifdef __cplusplus
| extern "C" void std::exit (int) throw (); using std::exit;
| #endif
| #define STDC_HEADERS 1
| #define HAVE_SYS_TYPES_H 1
| #define HAVE_SYS_STAT_H 1
| #define HAVE_STDLIB_H 1
| #define HAVE_STRING_H 1
| #define HAVE_MEMORY_H 1
| #define HAVE_STRINGS_H 1
| #define HAVE_INTTYPES_H 1
| #define HAVE_STDINT_H 1
| #define HAVE_UNISTD_H 1
| #define HAVE_DLFCN_H 1
| #define NO_FLAC 1
| #define NO_DUMB 1
| #define HAVE_CLOCK_GETTIME 1
| /* end confdefs.h.  */
| 
| /* Override any gcc2 internal prototype to avoid an error.  */
| #ifdef __cplusplus
| extern "C"
| #endif
| /* We use char because int might match the return type of a gcc2
|    builtin and then its argument prototype would still apply.  */
| char alNewConfig ();
| int
| main ()
| {
| alNewConfig ();
|   ;
|   return 0;
| }
configure:20458: result: no
configure:20483: checking for wx-config
configure:20515: result: no
configure:20524: WARNING: wxWindows not found, not building wxPlayer.
        See http://www.wxwindows.org/
configure:20620: checking for ANSI C header files
configure:20776: result: yes
configure:20787: checking for unistd.h
configure:20792: result: yes
configure:20935: checking sys/soundcard.h usability
configure:20947: g++ -c -g -O2 -Wall -Wno-non-virtual-dtor  conftest.cc >&5
configure:20953: $? = 0
configure:20957: test -z 
			 || test ! -s conftest.err
configure:20960: $? = 0
configure:20963: test -s conftest.o
configure:20966: $? = 0
configure:20976: result: yes
configure:20980: checking sys/soundcard.h presence
configure:20990: g++ -E  conftest.cc
configure:20996: $? = 0
configure:21016: result: yes
configure:21051: checking for sys/soundcard.h
configure:21058: result: yes
configure:21092: checking vorbis/vorbisfile.h usability
configure:21104: g++ -c -g -O2 -Wall -Wno-non-virtual-dtor  conftest.cc >&5
conftest.cc:64:10: fatal error: vorbis/vorbisfile.h: No such file or directory
 #include <vorbis/vorbisfile.h>
          ^~~~~~~~~~~~~~~~~~~~~
compilation terminated.
configure:21110: $? = 1
configure: failed program was:
| /* confdefs.h.  */
| 
| #define PACKAGE_NAME ""
| #define PACKAGE_TARNAME ""
| #define PACKAGE_VERSION ""
| #define PACKAGE_STRING ""
| #define PACKAGE_BUGREPORT ""
| #define PACKAGE "audiere"
| #define VERSION "1.9.4"
| #ifdef __cplusplus
| extern "C" void std::exit (int) throw (); using std::exit;
| #endif
| #define STDC_HEADERS 1
| #define HAVE_SYS_TYPES_H 1
| #define HAVE_SYS_STAT_H 1
| #define HAVE_STDLIB_H 1
| #define HAVE_STRING_H 1
| #define HAVE_MEMORY_H 1
| #define HAVE_STRINGS_H 1
| #define HAVE_INTTYPES_H 1
| #define HAVE_STDINT_H 1
| #define HAVE_UNISTD_H 1
| #define HAVE_DLFCN_H 1
| #define NO_FLAC 1
| #define NO_DUMB 1
| #define HAVE_CLOCK_GETTIME 1
| #define STDC_HEADERS 1
| #define HAVE_OSS 1
| /* end confdefs.h.  */
| #include <stdio.h>
| #if HAVE_SYS_TYPES_H
| # include <sys/types.h>
| #endif
| #if HAVE_SYS_STAT_H
| # include <sys/stat.h>
| #endif
| #if STDC_HEADERS
| # include <stdlib.h>
| # include <stddef.h>
| #else
| # if HAVE_STDLIB_H
| #  include <stdlib.h>
| # endif
| #endif
| #if HAVE_STRING_H
| # if !STDC_HEADERS && HAVE_MEMORY_H
| #  include <memory.h>
| # endif
| # include <string.h>
| #endif
| #if HAVE_STRINGS_H
| # include <strings.h>
| #endif
| #if HAVE_INTTYPES_H
| # include <inttypes.h>
| #else
| # if HAVE_STDINT_H
| #  include <stdint.h>
| # endif
| #endif
| #if HAVE_UNISTD_H
| # include <unistd.h>
| #endif
| #include <vorbis/vorbisfile.h>
configure:21133: result: no
configure:21137: checking vorbis/vorbisfile.h presence
configure:21147: g++ -E  conftest.cc
conftest.cc:30:10: fatal error: vorbis/vorbisfile.h: No such file or directory
 #include <vorbis/vorbisfile.h>
          ^~~~~~~~~~~~~~~~~~~~~
compilation terminated.
configure:21153: $? = 1
configure: failed program was:
| /* confdefs.h.  */
| 
| #define PACKAGE_NAME ""
| #define PACKAGE_TARNAME ""
| #define PACKAGE_VERSION ""
| #define PACKAGE_STRING ""
| #define PACKAGE_BUGREPORT ""
| #define PACKAGE "audiere"
| #define VERSION "1.9.4"
| #ifdef __cplusplus
| extern "C" void std::exit (int) throw (); using std::exit;
| #endif
| #define STDC_HEADERS 1
| #define HAVE_SYS_TYPES_H 1
| #define HAVE_SYS_STAT_H 1
| #define HAVE_STDLIB_H 1
| #define HAVE_STRING_H 1
| #define HAVE_MEMORY_H 1
| #define HAVE_STRINGS_H 1
| #define HAVE_INTTYPES_H 1
| #define HAVE_STDINT_H 1
| #define HAVE_UNISTD_H 1
| #define HAVE_DLFCN_H 1
| #define NO_FLAC 1
| #define NO_DUMB 1
| #define HAVE_CLOCK_GETTIME 1
| #define STDC_HEADERS 1
| #define HAVE_OSS 1
| /* end confdefs.h.  */
| #include <vorbis/vorbisfile.h>
configure:21173: result: no
configure:21208: checking for vorbis/vorbisfile.h
configure:21215: result: no
configure:21226: WARNING: Could not find vorbisfile header.  You do not appear to have libvorbis installed.
Get libvorbis from http://www.vorbis.com/
configure:21229: WARNING: Disabling Ogg Vorbis support.
configure:21259: checking speex.h usability
configure:21271: g++ -c -g -O2 -Wall -Wno-non-virtual-dtor  conftest.cc >&5
conftest.cc:65:10: fatal error: speex.h: No such file or directory
 #include <speex.h>
          ^~~~~~~~~
compilation terminated.
configure:21277: $? = 1
configure: failed program was:
| /* confdefs.h.  */
| 
| #define PACKAGE_NAME ""
| #define PACKAGE_TARNAME ""
| #define PACKAGE_VERSION ""
| #define PACKAGE_STRING ""
| #define PACKAGE_BUGREPORT ""
| #define PACKAGE "audiere"
| #define VERSION "1.9.4"
| #ifdef __cplusplus
| extern "C" void std::exit (int) throw (); using std::exit;
| #endif
| #define STDC_HEADERS 1
| #define HAVE_SYS_TYPES_H 1
| #define HAVE_SYS_STAT_H 1
| #define HAVE_STDLIB_H 1
| #define HAVE_STRING_H 1
| #define HAVE_MEMORY_H 1
| #define HAVE_STRINGS_H 1
| #define HAVE_INTTYPES_H 1
| #define HAVE_STDINT_H 1
| #define HAVE_UNISTD_H 1
| #define HAVE_DLFCN_H 1
| #define NO_FLAC 1
| #define NO_DUMB 1
| #define HAVE_CLOCK_GETTIME 1
| #define STDC_HEADERS 1
| #define HAVE_OSS 1
| #define NO_OGG 1
| /* end confdefs.h.  */
| #include <stdio.h>
| #if HAVE_SYS_TYPES_H
| # include <sys/types.h>
| #endif
| #if HAVE_SYS_STAT_H
| # include <sys/stat.h>
| #endif
| #if STDC_HEADERS
| # include <stdlib.h>
| # include <stddef.h>
| #else
| # if HAVE_STDLIB_H
| #  include <stdlib.h>
| # endif
| #endif
| #if HAVE_STRING_H
| # if !STDC_HEADERS && HAVE_MEMORY_H
| #  include <memory.h>
| # endif
| # include <string.h>
| #endif
| #if HAVE_STRINGS_H
| # include <strings.h>
| #endif
| #if HAVE_INTTYPES_H
| # include <inttypes.h>
| #else
| # if HAVE_STDINT_H
| #  include <stdint.h>
| # endif
| #endif
| #if HAVE_UNISTD_H
| # include <unistd.h>
| #endif
| #include <speex.h>
configure:21300: result: no
configure:21304: checking speex.h presence
configure:21314: g++ -E  conftest.cc
conftest.cc:31:10: fatal error: speex.h: No such file or directory
 #include <speex.h>
          ^~~~~~~~~
compilation terminated.
configure:21320: $? = 1
configure: failed program was:
| /* confdefs.h.  */
| 
| #define PACKAGE_NAME ""
| #define PACKAGE_TARNAME ""
| #define PACKAGE_VERSION ""
| #define PACKAGE_STRING ""
| #define PACKAGE_BUGREPORT ""
| #define PACKAGE "audiere"
| #define VERSION "1.9.4"
| #ifdef __cplusplus
| extern "C" void std::exit (int) throw (); using std::exit;
| #endif
| #define STDC_HEADERS 1
| #define HAVE_SYS_TYPES_H 1
| #define HAVE_SYS_STAT_H 1
| #define HAVE_STDLIB_H 1
| #define HAVE_STRING_H 1
| #define HAVE_MEMORY_H 1
| #define HAVE_STRINGS_H 1
| #define HAVE_INTTYPES_H 1
| #define HAVE_STDINT_H 1
| #define HAVE_UNISTD_H 1
| #define HAVE_DLFCN_H 1
| #define NO_FLAC 1
| #define NO_DUMB 1
| #define HAVE_CLOCK_GETTIME 1
| #define STDC_HEADERS 1
| #define HAVE_OSS 1
| #define NO_OGG 1
| /* end confdefs.h.  */
| #include <speex.h>
configure:21340: result: no
configure:21375: checking for speex.h
configure:21382: result: no
configure:21393: WARNING: Could not find speex header.  You do not appear to have libspeex installed.
Get libspeex from http://www.speex.org/
configure:21396: WARNING: Disabling speex support.
configure:21426: checking dsound.h usability
configure:21438: g++ -c -g -O2 -Wall -Wno-non-virtual-dtor  conftest.cc >&5
conftest.cc:66:10: fatal error: dsound.h: No such file or directory
 #include <dsound.h>
          ^~~~~~~~~~
compilation terminated.
configure:21444: $? = 1
configure: failed program was:
| /* confdefs.h.  */
| 
| #define PACKAGE_NAME ""
| #define PACKAGE_TARNAME ""
| #define PACKAGE_VERSION ""
| #define PACKAGE_STRING ""
| #define PACKAGE_BUGREPORT ""
| #define PACKAGE "audiere"
| #define VERSION "1.9.4"
| #ifdef __cplusplus
| extern "C" void std::exit (int) throw (); using std::exit;
| #endif
| #define STDC_HEADERS 1
| #define HAVE_SYS_TYPES_H 1
| #define HAVE_SYS_STAT_H 1
| #define HAVE_STDLIB_H 1
| #define HAVE_STRING_H 1
| #define HAVE_MEMORY_H 1
| #define HAVE_STRINGS_H 1
| #define HAVE_INTTYPES_H 1
| #define HAVE_STDINT_H 1
| #define HAVE_UNISTD_H 1
| #define HAVE_DLFCN_H 1
| #define NO_FLAC 1
| #define NO_DUMB 1
| #define HAVE_CLOCK_GETTIME 1
| #define STDC_HEADERS 1
| #define HAVE_OSS 1
| #define NO_OGG 1
| #define NO_SPEEX 1
| /* end confdefs.h.  */
| #include <stdio.h>
| #if HAVE_SYS_TYPES_H
| # include <sys/types.h>
| #endif
| #if HAVE_SYS_STAT_H
| # include <sys/stat.h>
| #endif
| #if STDC_HEADERS
| # include <stdlib.h>
| # include <stddef.h>
| #else
| # if HAVE_STDLIB_H
| #  include <stdlib.h>
| # endif
| #endif
| #if HAVE_STRING_H
| # if !STDC_HEADERS && HAVE_MEMORY_H
| #  include <memory.h>
| # endif
| # include <string.h>
| #endif
| #if HAVE_STRINGS_H
| # include <strings.h>
| #endif
| #if HAVE_INTTYPES_H
| # include <inttypes.h>
| #else
| # if HAVE_STDINT_H
| #  include <stdint.h>
| # endif
| #endif
| #if HAVE_UNISTD_H
| # include <unistd.h>
| #endif
| #include <dsound.h>
configure:21467: result: no
configure:21471: checking dsound.h presence
configure:21481: g++ -E  conftest.cc
conftest.cc:32:10: fatal error: dsound.h: No such file or directory
 #include <dsound.h>
          ^~~~~~~~~~
compilation terminated.
configure:21487: $? = 1
configure: failed program was:
| /* confdefs.h.  */
| 
| #define PACKAGE_NAME ""
| #define PACKAGE_TARNAME ""
| #define PACKAGE_VERSION ""
| #define PACKAGE_STRING ""
| #define PACKAGE_BUGREPORT ""
| #define PACKAGE "audiere"
| #define VERSION "1.9.4"
| #ifdef __cplusplus
| extern "C" void std::exit (int) throw (); using std::exit;
| #endif
| #define STDC_HEADERS 1
| #define HAVE_SYS_TYPES_H 1
| #define HAVE_SYS_STAT_H 1
| #define HAVE_STDLIB_H 1
| #define HAVE_STRING_H 1
| #define HAVE_MEMORY_H 1
| #define HAVE_STRINGS_H 1
| #define HAVE_INTTYPES_H 1
| #define HAVE_STDINT_H 1
| #define HAVE_UNISTD_H 1
| #define HAVE_DLFCN_H 1
| #define NO_FLAC 1
| #define NO_DUMB 1
| #define HAVE_CLOCK_GETTIME 1
| #define STDC_HEADERS 1
| #define HAVE_OSS 1
| #define NO_OGG 1
| #define NO_SPEEX 1
| /* end confdefs.h.  */
| #include <dsound.h>
configure:21507: result: no
configure:21542: checking for dsound.h
configure:21549: result: no
configure:21575: checking for mmsystem.h
configure:21591: g++ -c -g -O2 -Wall -Wno-non-virtual-dtor  conftest.cc >&5
conftest.cc:32:10: fatal error: windows.h: No such file or directory
 #include <windows.h>
          ^~~~~~~~~~~
compilation terminated.
configure:21597: $? = 1
configure: failed program was:
| /* confdefs.h.  */
| 
| #define PACKAGE_NAME ""
| #define PACKAGE_TARNAME ""
| #define PACKAGE_VERSION ""
| #define PACKAGE_STRING ""
| #define PACKAGE_BUGREPORT ""
| #define PACKAGE "audiere"
| #define VERSION "1.9.4"
| #ifdef __cplusplus
| extern "C" void std::exit (int) throw (); using std::exit;
| #endif
| #define STDC_HEADERS 1
| #define HAVE_SYS_TYPES_H 1
| #define HAVE_SYS_STAT_H 1
| #define HAVE_STDLIB_H 1
| #define HAVE_STRING_H 1
| #define HAVE_MEMORY_H 1
| #define HAVE_STRINGS_H 1
| #define HAVE_INTTYPES_H 1
| #define HAVE_STDINT_H 1
| #define HAVE_UNISTD_H 1
| #define HAVE_DLFCN_H 1
| #define NO_FLAC 1
| #define NO_DUMB 1
| #define HAVE_CLOCK_GETTIME 1
| #define STDC_HEADERS 1
| #define HAVE_OSS 1
| #define NO_OGG 1
| #define NO_SPEEX 1
| /* end confdefs.h.  */
| #include <windows.h>
| 
| #include <mmsystem.h>
configure:21621: result: no
configure:21647: checking whether byte ordering is bigendian
configure:21674: g++ -c -g -O2 -Wall -Wno-non-virtual-dtor  conftest.cc >&5
configure:21680: $? = 0
configure:21684: test -z 
			 || test ! -s conftest.err
configure:21687: $? = 0
configure:21690: test -s conftest.o
configure:21693: $? = 0
configure:21717: g++ -c -g -O2 -Wall -Wno-non-virtual-dtor  conftest.cc >&5
conftest.cc: In function 'int main()':
conftest.cc:39:6: error: 'big' was not declared in this scope
  not big endian
      ^~~
configure:21723: $? = 1
configure: failed program was:
| /* confdefs.h.  */
| 
| #define PACKAGE_NAME ""
| #define PACKAGE_TARNAME ""
| #define PACKAGE_VERSION ""
| #define PACKAGE_STRING ""
| #define PACKAGE_BUGREPORT ""
| #define PACKAGE "audiere"
| #define VERSION "1.9.4"
| #ifdef __cplusplus
| extern "C" void std::exit (int) throw (); using std::exit;
| #endif
| #define STDC_HEADERS 1
| #define HAVE_SYS_TYPES_H 1
| #define HAVE_SYS_STAT_H 1
| #define HAVE_STDLIB_H 1
| #define HAVE_STRING_H 1
| #define HAVE_MEMORY_H 1
| #define HAVE_STRINGS_H 1
| #define HAVE_INTTYPES_H 1
| #define HAVE_STDINT_H 1
| #define HAVE_UNISTD_H 1
| #define HAVE_DLFCN_H 1
| #define NO_FLAC 1
| #define NO_DUMB 1
| #define HAVE_CLOCK_GETTIME 1
| #define STDC_HEADERS 1
| #define HAVE_OSS 1
| #define NO_OGG 1
| #define NO_SPEEX 1
| /* end confdefs.h.  */
| #include <sys/types.h>
| #include <sys/param.h>
| 
| int
| main ()
| {
| #if BYTE_ORDER != BIG_ENDIAN
|  not big endian
| #endif
| 
|   ;
|   return 0;
| }
configure:21858: result: no
configure:22101: creating ./config.status

## ---------------------- ##
## Running config.status. ##
## ---------------------- ##

This file was extended by config.status, which was
generated by GNU Autoconf 2.59.  Invocation command line was

  CONFIG_FILES    = 
  CONFIG_HEADERS  = 
  CONFIG_LINKS    = 
  CONFIG_COMMANDS = 
  $ ./config.status 

on NathanUbuntuDesktop

config.status:750: creating audiere-config
config.status:750: creating Makefile
config.status:750: creating doc/Makefile
config.status:750: creating examples/Makefile
config.status:750: creating examples/simple/Makefile
config.status:750: creating examples/wxPlayer/Makefile
config.status:750: creating src/Makefile
config.status:750: creating src/mpaudec/Makefile
config.status:750: creating test/Makefile
config.status:750: creating test/buffer/Makefile
config.status:750: creating test/callback/Makefile
config.status:750: creating test/device/Makefile
config.status:750: creating test/formats/Makefile
config.status:750: creating test/interactive/Makefile
config.status:750: creating test/performance/Makefile
config.status:933: executing depfiles commands
config.status:933: executing default commands

## ---------------- ##
## Cache variables. ##
## ---------------- ##

ac_cv_build=x86_64-unknown-linux-gnu
ac_cv_build_alias=x86_64-unknown-linux-gnu
ac_cv_c_bigendian=no
ac_cv_c_compiler_gnu=yes
ac_cv_cxx_compiler_gnu=yes
ac_cv_env_CC_set=
ac_cv_env_CC_value=
ac_cv_env_CFLAGS_set=
ac_cv_env_CFLAGS_value=
ac_cv_env_CPPFLAGS_set=
ac_cv_env_CPPFLAGS_value=
ac_cv_env_CPP_set=
ac_cv_env_CPP_value=
ac_cv_env_CXXCPP_set=
ac_cv_env_CXXCPP_value=
ac_cv_env_CXXFLAGS_set=
ac_cv_env_CXXFLAGS_value=
ac_cv_env_CXX_set=
ac_cv_env_CXX_value=
ac_cv_env_F77_set=
ac_cv_env_F77_value=
ac_cv_env_FFLAGS_set=
ac_cv_env_FFLAGS_value=
ac_cv_env_LDFLAGS_set=
ac_cv_env_LDFLAGS_value=
ac_cv_env_build_alias_set=
ac_cv_env_build_alias_value=
ac_cv_env_host_alias_set=
ac_cv_env_host_alias_value=
ac_cv_env_target_alias_set=
ac_cv_env_target_alias_value=
ac_cv_exeext=
ac_cv_f77_compiler_gnu=no
ac_cv_header_dlfcn_h=yes
ac_cv_header_dsound_h=no
ac_cv_header_inttypes_h=yes
ac_cv_header_memory_h=yes
ac_cv_header_mmsystem_h=no
ac_cv_header_speex_h=no
ac_cv_header_stdc=yes
ac_cv_header_stdint_h=yes
ac_cv_header_stdlib_h=yes
ac_cv_header_string_h=yes
ac_cv_header_strings_h=yes
ac_cv_header_sys_soundcard_h=yes
ac_cv_header_sys_stat_h=yes
ac_cv_header_sys_types_h=yes
ac_cv_header_unistd_h=yes
ac_cv_header_vorbis_vorbisfile_h=no
ac_cv_host=x86_64-unknown-linux-gnu
ac_cv_host_alias=x86_64-unknown-linux-gnu
ac_cv_lib_FLAC_FLAC__seekable_stream_decoder_process_single=no
ac_cv_lib_audio_alNewConfig=no
ac_cv_lib_cdaudio_cd_init_device=no
ac_cv_lib_dumb_duh_start_renderer=no
ac_cv_lib_pthread_pthread_create=yes
ac_cv_objext=o
ac_cv_path_WX_CONFIG=no
ac_cv_path_install='/usr/bin/install -c'
ac_cv_prog_AWK=mawk
ac_cv_prog_CPP='gcc -E'
ac_cv_prog_CXXCPP='g++ -E'
ac_cv_prog_ac_ct_AR=ar
ac_cv_prog_ac_ct_CC=gcc
ac_cv_prog_ac_ct_CXX=g++
ac_cv_prog_ac_ct_RANLIB=ranlib
ac_cv_prog_ac_ct_STRIP=strip
ac_cv_prog_cc_g=yes
ac_cv_prog_cc_stdc=
ac_cv_prog_cxx_g=yes
ac_cv_prog_egrep='grep -E'
ac_cv_prog_f77_g=no
ac_cv_prog_make_make_set=yes
ac_cv_search_clock_gettime='none required'
ac_cv_target=x86_64-unknown-linux-gnu
ac_cv_target_alias=x86_64-unknown-linux-gnu
am_cv_CC_dependencies_compiler_type=gcc3
am_cv_CXX_dependencies_compiler_type=gcc3
lt_cv_deplibs_check_method=pass_all
lt_cv_file_magic_cmd='$MAGIC_CMD'
lt_cv_file_magic_test_file=
lt_cv_ld_reload_flag=-r
lt_cv_objdir=.libs
lt_cv_path_LD=/usr/bin/x86_64-linux-gnu-ld
lt_cv_path_LDCXX='/usr/bin/x86_64-linux-gnu-ld -m elf_x86_64'
lt_cv_path_NM='/usr/bin/nm -B'
lt_cv_path_SED=/bin/sed
lt_cv_prog_compiler_c_o=yes
lt_cv_prog_compiler_c_o_CXX=yes
lt_cv_prog_compiler_rtti_exceptions=no
lt_cv_prog_gnu_ld=yes
lt_cv_prog_gnu_ldcxx=yes
lt_cv_sys_global_symbol_pipe='sed -n -e '\''s/^.*[ 	]\([ABCDGIRSTW][ABCDGIRSTW]*\)[ 	][ 	]*\([_A-Za-z][_A-Za-z0-9]*\)$/\1 \2 \2/p'\'''
lt_cv_sys_global_symbol_to_c_name_address='sed -n -e '\''s/^: \([^ ]*\) $/  {\"\1\", (lt_ptr) 0},/p'\'' -e '\''s/^[BCDEGRST] \([^ ]*\) \([^ ]*\)$/  {"\2", (lt_ptr) \&\2},/p'\'''
lt_cv_sys_global_symbol_to_cdecl='sed -n -e '\''s/^. .* \(.*\)$/extern int \1;/p'\'''
lt_cv_sys_max_cmd_len=32768
lt_lt_cv_prog_compiler_c_o='"yes"'
lt_lt_cv_prog_compiler_c_o_CXX='"yes"'
lt_lt_cv_sys_global_symbol_pipe='"sed -n -e '\''s/^.*[ 	]\\([ABCDGIRSTW][ABCDGIRSTW]*\\)[ 	][ 	]*\\([_A-Za-z][_A-Za-z0-9]*\\)\$/\\1 \\2 \\2/p'\''"'
lt_lt_cv_sys_global_symbol_to_c_name_address='"sed -n -e '\''s/^: \\([^ ]*\\) \$/  {\\\"\\1\\\", (lt_ptr) 0},/p'\'' -e '\''s/^[BCDEGRST] \\([^ ]*\\) \\([^ ]*\\)\$/  {\"\\2\", (lt_ptr) \\&\\2},/p'\''"'
lt_lt_cv_sys_global_symbol_to_cdecl='"sed -n -e '\''s/^. .* \\(.*\\)\$/extern int \\1;/p'\''"'

## ----------------- ##
## Output variables. ##
## ----------------- ##

ACLOCAL='${SHELL} /home/nathan/dev/instrumenttuner/lib/audiere-1.9.4/config/missing --run aclocal-1.9'
AMDEPBACKSLASH='\'
AMDEP_FALSE='#'
AMDEP_TRUE=''
AMTAR='${SHELL} /home/nathan/dev/instrumenttuner/lib/audiere-1.9.4/config/missing --run tar'
AR='ar'
AUTOCONF='${SHELL} /home/nathan/dev/instrumenttuner/lib/audiere-1.9.4/config/missing --run autoconf'
AUTOHEADER='${SHELL} /home/nathan/dev/instrumenttuner/lib/audiere-1.9.4/config/missing --run autoheader'
AUTOMAKE='${SHELL} /home/nathan/dev/instrumenttuner/lib/audiere-1.9.4/config/missing --run automake-1.9'
AWK='mawk'
CC='gcc'
CCDEPMODE='depmode=gcc3'
CFLAGS='-g -O2 -Wall -Wno-non-virtual-dtor'
CPP='gcc -E'
CPPFLAGS=''
CXX='g++'
CXXCPP='g++ -E'
CXXDEPMODE='depmode=gcc3'
CXXFLAGS='-g -O2 -Wall -Wno-non-virtual-dtor'
CYGPATH_W='echo'
DEFS='-DPACKAGE_NAME=\"\" -DPACKAGE_TARNAME=\"\" -DPACKAGE_VERSION=\"\" -DPACKAGE_STRING=\"\" -DPACKAGE_BUGREPORT=\"\" -DPACKAGE=\"audiere\" -DVERSION=\"1.9.4\" -DSTDC_HEADERS=1 -DHAVE_SYS_TYPES_H=1 -DHAVE_SYS_STAT_H=1 -DHAVE_STDLIB_H=1 -DHAVE_STRING_H=1 -DHAVE_MEMORY_H=1 -DHAVE_STRINGS_H=1 -DHAVE_INTTYPES_H=1 -DHAVE_STDINT_H=1 -DHAVE_UNISTD_H=1 -DHAVE_DLFCN_H=1 -DNO_FLAC=1 -DNO_DUMB=1 -DHAVE_CLOCK_GETTIME=1 -DSTDC_HEADERS=1 -DHAVE_OSS=1 -DNO_OGG=1 -DNO_SPEEX=1 '
DEPDIR='.deps'
ECHO='echo'
ECHO_C=''
ECHO_N='-n'
ECHO_T=''
EGREP='grep -E'
EXEEXT=''
EXTRA_LIBS='-lpthread '
F77=''
FFLAGS=''
HAVE_AL_FALSE=''
HAVE_AL_TRUE='#'
HAVE_DSOUND_FALSE=''
HAVE_DSOUND_TRUE='#'
HAVE_DUMB_FALSE=''
HAVE_DUMB_TRUE='#'
HAVE_FLAC_FALSE=''
HAVE_FLAC_TRUE='#'
HAVE_LIBCDAUDIO_FALSE=''
HAVE_LIBCDAUDIO_TRUE='#'
HAVE_OGG_FALSE=''
HAVE_OGG_TRUE='#'
HAVE_OSS_FALSE='#'
HAVE_OSS_TRUE=''
HAVE_SPEEX_FALSE=''
HAVE_SPEEX_TRUE='#'
HAVE_WINMM_FALSE=''
HAVE_WINMM_TRUE='#'
HAVE_WXWINDOWS_FALSE=''
HAVE_WXWINDOWS_TRUE='#'
INSTALL_DATA='${INSTALL} -m 644'
INSTALL_PROGRAM='${INSTALL}'
INSTALL_SCRIPT='${INSTALL}'
INSTALL_STRIP_PROGRAM='${SHELL} $(install_sh) -c -s'
LDFLAGS=''
LIBOBJS=''
LIBS='-lpthread '
LIBTOOL='$(SHELL) $(top_builddir)/libtool'
LN_S='ln -s'
LTLIBOBJS=''
MAKEINFO='${SHELL} /home/nathan/dev/instrumenttuner/lib/audiere-1.9.4/config/missing --run makeinfo'
OBJEXT='o'
PACKAGE='audiere'
PACKAGE_BUGREPORT=''
PACKAGE_NAME=''
PACKAGE_STRING=''
PACKAGE_TARNAME=''
PACKAGE_VERSION=''
PATH_SEPARATOR=':'
RANLIB='ranlib'
SET_MAKE=''
SHELL='/bin/bash'
STRIP='strip'
VERSION='1.9.4'
WORDS_BIGENDIAN=''
WX_CONFIG='no'
WX_CPPFLAGS=''
WX_LIBS=''
ac_ct_AR='ar'
ac_ct_CC='gcc'
ac_ct_CXX='g++'
ac_ct_F77=''
ac_ct_RANLIB='ranlib'
ac_ct_STRIP='strip'
am__fastdepCC_FALSE='#'
am__fastdepCC_TRUE=''
am__fastdepCXX_FALSE='#'
am__fastdepCXX_TRUE=''
am__include='include'
am__leading_dot='.'
am__quote=''
am__tar='${AMTAR} chof - "$$tardir"'
am__untar='${AMTAR} xf -'
bindir='${exec_prefix}/bin'
build='x86_64-unknown-linux-gnu'
build_alias=''
build_cpu='x86_64'
build_os='linux-gnu'
build_vendor='unknown'
datadir='${prefix}/share'
exec_prefix='${prefix}'
host='x86_64-unknown-linux-gnu'
host_alias=''
host_cpu='x86_64'
host_os='linux-gnu'
host_vendor='unknown'
includedir='${prefix}/include'
infodir='${prefix}/info'
install_sh='/home/nathan/dev/instrumenttuner/lib/audiere-1.9.4/config/install-sh'
libdir='${exec_prefix}/lib'
libexecdir='${exec_prefix}/libexec'
localstatedir='${prefix}/var'
mandir='${prefix}/man'
mkdir_p='mkdir -p --'
oldincludedir='/usr/include'
prefix='/usr/local'
program_transform_name='s,x,x,'
sbindir='${exec_prefix}/sbin'
sharedstatedir='${prefix}/com'
sysconfdir='${prefix}/etc'
target='x86_64-unknown-linux-gnu'
target_alias=''
target_cpu='x86_64'
target_os='linux-gnu'
target_vendor='unknown'

## ----------- ##
## confdefs.h. ##
## ----------- ##

#define HAVE_CLOCK_GETTIME 1
#define HAVE_DLFCN_H 1
#define HAVE_INTTYPES_H 1
#define HAVE_MEMORY_H 1
#define HAVE_OSS 1
#define HAVE_STDINT_H 1
#define HAVE_STDLIB_H 1
#define HAVE_STRINGS_H 1
#define HAVE_STRING_H 1
#define HAVE_SYS_STAT_H 1
#define HAVE_SYS_TYPES_H 1
#define HAVE_UNISTD_H 1
#define NO_DUMB 1
#define NO_FLAC 1
#define NO_OGG 1
#define NO_SPEEX 1
#define PACKAGE "audiere"
#define PACKAGE_BUGREPORT ""
#define PACKAGE_NAME ""
#define PACKAGE_STRING ""
#define PACKAGE_TARNAME ""
#define PACKAGE_VERSION ""
#define STDC_HEADERS 1
#define STDC_HEADERS 1
#define VERSION "1.9.4"
#endif
#ifdef __cplusplus
extern "C" void std::exit (int) throw (); using std::exit;

configure: exit 0
